 
****************************************
Report : area
Design : vending_top
Version: X-2025.06-SP2
Date   : Fri Jul  3 16:07:03 2026
****************************************

Information: Updating design information... (UID-85)
Library(s) Used:

    saed32rvt_tt1p05v25c (File: /Tools/PDK/SAED32/EDK_Digital/lib/stdcell_rvt/db_nldm/saed32rvt_tt1p05v25c.db)

Number of ports:                          133
Number of nets:                           422
Number of cells:                          304
Number of combinational cells:            216
Number of sequential cells:                75
Number of macros/black boxes:               0
Number of buf/inv:                         45
Number of references:                      11

Combinational area:                517.691329
Buf/Inv area:                       57.182400
Noncombinational area:             499.647120
Macro/Black Box area:                0.000000
Net Interconnect area:             190.485880

Total cell area:                  1017.338449
Total area:                       1207.824329

Hierarchical area distribution
------------------------------

                                  Global cell area          Local cell area
                                  ------------------  --------------------------- 
Hierarchical cell                 Absolute   Percent  Combi-    Noncombi-  Black-
                                  Total      Total    national  national   boxes   Design
--------------------------------  ---------  -------  --------  ---------  ------  ------------
vending_top                       1017.3384    100.0   26.1768   109.7902  0.0000  vending_top
u_comparator                        39.9006      3.9   39.9006     0.0000  0.0000  comparator
u_control                           84.1217      8.3   57.6907    26.4310  0.0000  control_unit
u_credit                           141.5582     13.9   88.6963    52.8620  0.0000  credit_reg
u_memory                           560.8958     55.1  250.3318   310.5640  0.0000  memory
u_subtractor                        54.8951      5.4   54.8951     0.0000  0.0000  subtractor
--------------------------------  ---------  -------  --------  ---------  ------  ------------
Total                                                 517.6913   499.6471  0.0000

1
