 
****************************************
Report : constraint
        -all_violators
Design : vending_top
Version: X-2025.06-SP2
Date   : Fri Jul  3 16:07:03 2026
****************************************


   min_delay/hold ('clk' group)

                             Required        Actual
   Endpoint                 Path Delay     Path Delay        Slack
   -----------------------------------------------------------------
   u_control/state_reg_reg[1]/D
                                0.50           0.15 f        -0.35  (VIOLATED)
   change_out_reg[0]/D          0.50           0.16 f        -0.35  (VIOLATED)
   change_out_reg[1]/D          0.50           0.16 f        -0.35  (VIOLATED)
   change_out_reg[2]/D          0.50           0.16 f        -0.35  (VIOLATED)
   change_out_reg[3]/D          0.50           0.16 f        -0.35  (VIOLATED)
   change_out_reg[4]/D          0.50           0.16 f        -0.35  (VIOLATED)
   change_out_reg[5]/D          0.50           0.16 f        -0.35  (VIOLATED)
   change_out_reg[6]/D          0.50           0.16 f        -0.35  (VIOLATED)
   change_out_reg[7]/D          0.50           0.16 f        -0.35  (VIOLATED)
   u_memory/stock_reg[0]/D      0.50           0.16 f        -0.35  (VIOLATED)
   u_memory/stock_reg[4]/D      0.50           0.16 f        -0.35  (VIOLATED)
   u_memory/mem_reg[2][2]/D     0.50           0.16 f        -0.35  (VIOLATED)
   u_memory/mem_reg[3][2]/D     0.50           0.16 f        -0.35  (VIOLATED)
   u_memory/mem_reg[0][1]/D     0.50           0.16 f        -0.35  (VIOLATED)
   u_memory/mem_reg[3][0]/D     0.50           0.16 f        -0.35  (VIOLATED)
   u_memory/mem_reg[1][1]/D     0.50           0.16 f        -0.35  (VIOLATED)
   u_memory/stock_reg[1]/D      0.50           0.16 f        -0.35  (VIOLATED)
   u_memory/mem_reg[2][5]/D     0.50           0.16 f        -0.35  (VIOLATED)
   u_memory/mem_reg[2][3]/D     0.50           0.16 f        -0.35  (VIOLATED)
   u_memory/mem_reg[2][4]/D     0.50           0.16 f        -0.35  (VIOLATED)
   u_memory/mem_reg[2][6]/D     0.50           0.16 f        -0.35  (VIOLATED)
   u_memory/mem_reg[3][5]/D     0.50           0.16 f        -0.35  (VIOLATED)
   u_memory/mem_reg[3][3]/D     0.50           0.16 f        -0.35  (VIOLATED)
   u_memory/mem_reg[3][4]/D     0.50           0.16 f        -0.35  (VIOLATED)
   u_memory/mem_reg[0][5]/D     0.50           0.16 f        -0.35  (VIOLATED)
   u_memory/mem_reg[0][3]/D     0.50           0.16 f        -0.35  (VIOLATED)
   u_memory/mem_reg[0][4]/D     0.50           0.16 f        -0.35  (VIOLATED)
   u_memory/mem_reg[2][7]/D     0.50           0.16 f        -0.35  (VIOLATED)
   u_memory/mem_reg[3][6]/D     0.50           0.16 f        -0.35  (VIOLATED)
   u_memory/mem_reg[0][6]/D     0.50           0.16 f        -0.35  (VIOLATED)
   u_memory/mem_reg[1][5]/D     0.50           0.16 f        -0.35  (VIOLATED)
   u_memory/mem_reg[1][3]/D     0.50           0.16 f        -0.35  (VIOLATED)
   u_memory/mem_reg[1][4]/D     0.50           0.16 f        -0.35  (VIOLATED)
   u_memory/mem_reg[3][7]/D     0.50           0.16 f        -0.35  (VIOLATED)
   u_memory/stock_reg[5]/D      0.50           0.16 f        -0.35  (VIOLATED)
   u_memory/mem_reg[1][6]/D     0.50           0.16 f        -0.35  (VIOLATED)
   u_memory/mem_reg[0][7]/D     0.50           0.16 f        -0.35  (VIOLATED)
   u_memory/mem_reg[1][7]/D     0.50           0.16 f        -0.35  (VIOLATED)
   u_memory/stock_reg[2]/D      0.50           0.16 f        -0.35  (VIOLATED)
   u_memory/stock_reg[6]/D      0.50           0.16 f        -0.35  (VIOLATED)
   u_memory/stock_reg[3]/D      0.50           0.16 f        -0.35  (VIOLATED)
   u_memory/stock_reg[7]/D      0.50           0.16 f        -0.35  (VIOLATED)
   display_reg[7]/RSTB          0.48           0.13 f        -0.35  (VIOLATED)
   u_memory/mem_reg[3][1]/D     0.50           0.16 f        -0.35  (VIOLATED)
   u_memory/mem_reg[2][0]/D     0.50           0.16 f        -0.34  (VIOLATED)
   u_memory/mem_reg[2][1]/D     0.50           0.16 f        -0.34  (VIOLATED)
   u_memory/mem_reg[0][0]/D     0.50           0.16 f        -0.34  (VIOLATED)
   u_memory/mem_reg[0][2]/D     0.50           0.16 f        -0.34  (VIOLATED)
   u_memory/mem_reg[1][0]/D     0.50           0.16 f        -0.34  (VIOLATED)
   u_memory/mem_reg[1][2]/D     0.50           0.16 f        -0.34  (VIOLATED)
   u_memory/price_reg[0]/D      0.50           0.16 f        -0.34  (VIOLATED)
   display_reg[2]/RSTB          0.48           0.13 f        -0.34  (VIOLATED)
   display_reg[1]/RSTB          0.48           0.13 f        -0.34  (VIOLATED)
   u_memory/price_reg[5]/D      0.50           0.16 f        -0.34  (VIOLATED)
   u_memory/price_reg[6]/D      0.50           0.16 f        -0.34  (VIOLATED)
   u_memory/price_reg[2]/D      0.50           0.16 f        -0.34  (VIOLATED)
   u_memory/price_reg[1]/D      0.50           0.16 f        -0.34  (VIOLATED)
   display_reg[0]/RSTB          0.48           0.14 f        -0.34  (VIOLATED)
   display_reg[6]/RSTB          0.48           0.14 f        -0.34  (VIOLATED)
   u_control/state_reg_reg[0]/D
                                0.50           0.16 f        -0.34  (VIOLATED)
   display_reg[3]/RSTB          0.48           0.14 f        -0.34  (VIOLATED)
   display_reg[4]/RSTB          0.48           0.14 f        -0.34  (VIOLATED)
   display_reg[5]/RSTB          0.48           0.14 f        -0.34  (VIOLATED)
   u_credit/credit_reg[2]/D     0.50           0.17 f        -0.34  (VIOLATED)
   u_credit/credit_reg[1]/D     0.50           0.17 f        -0.34  (VIOLATED)
   u_memory/price_reg[4]/D      0.50           0.17 f        -0.34  (VIOLATED)
   u_memory/price_reg[3]/D      0.50           0.17 f        -0.34  (VIOLATED)
   u_credit/credit_reg[6]/D     0.50           0.17 f        -0.33  (VIOLATED)
   u_credit/credit_reg[3]/D     0.50           0.17 f        -0.33  (VIOLATED)
   u_credit/credit_reg[4]/D     0.50           0.17 f        -0.33  (VIOLATED)
   u_credit/credit_reg[5]/D     0.50           0.17 f        -0.33  (VIOLATED)
   u_credit/credit_reg[7]/D     0.50           0.18 f        -0.33  (VIOLATED)
   u_control/state_reg_reg[2]/D
                                0.50           0.18 f        -0.32  (VIOLATED)
   u_credit/credit_reg[0]/D     0.50           0.18 f        -0.32  (VIOLATED)
   u_control/mem_data_valid_reg/D
                                0.49           0.25 f        -0.24  (VIOLATED)


1
